<?xml version="1.0" encoding="UTF-8"?>
<!-- Generated by org.testng.reporters.JUnitReportReporter -->
<testsuite hostname="DESKTOP-V3LFEF9" name="com.deere.Helpers.Invoke_WCM" tests="2" failures="0" timestamp="31 Aug 2018 10:53:21 GMT" time="100.154" errors="0">
  <testcase name="invokeUserCredentials" time="9.140" classname="com.deere.Helpers.Invoke_WCM"/>
  <testcase name="moveToAlert" time="91.014" classname="com.deere.Helpers.Invoke_WCM"/>
</testsuite> <!-- com.deere.Helpers.Invoke_WCM -->
